#
# There is insufficient memory for the Java Runtime Environment to continue.
# Native memory allocation (malloc) failed to allocate 32744 bytes for ChunkPool::allocate
# Possible reasons:
#   The system is out of physical RAM or swap space
#   The process is running with CompressedOops enabled, and the Java Heap may be blocking the growth of the native heap
# Possible solutions:
#   Reduce memory load on the system
#   Increase physical memory or swap space
#   Check if swap backing store is full
#   Decrease Java heap size (-Xmx/-Xms)
#   Decrease number of Java threads
#   Decrease Java thread stack sizes (-Xss)
#   Set larger code cache with -XX:ReservedCodeCacheSize=
#   JVM is running with Unscaled Compressed Oops mode in which the Java heap is
#     placed in the first 4GB address space. The Java Heap base address is the
#     maximum limit for the native heap growth. Please use -XX:HeapBaseMinAddress
#     to set the Java Heap base and to place the Java Heap above 4GB virtual address.
# This output file may be truncated or incomplete.
#
#  Out of Memory Error (allocation.cpp:272), pid=16184, tid=0x0000000000003a98
#
# JRE version: OpenJDK Runtime Environment (8.0_242-b01) (build 1.8.0_242-release-1644-b01)
# Java VM: OpenJDK 64-Bit Server VM (25.242-b01 mixed mode windows-amd64 compressed oops)
# Failed to write core dump. Minidumps are not enabled by default on client versions of Windows
#

---------------  T H R E A D  ---------------

Current thread (0x000000001b0d6800):  JavaThread "Daemon worker" [_thread_in_vm, id=15000, stack(0x000000001be20000,0x000000001bf20000)]

Stack: [0x000000001be20000,0x000000001bf20000]
[error occurred during error reporting (printing stack bounds), id 0xc0000005]

Native frames: (J=compiled Java code, j=interpreted, Vv=VM code, C=native code)

Java frames: (J=compiled Java code, j=interpreted, Vv=VM code)
j  org.gradle.internal.service.scopes.GradleUserHomeScopeServices.createClassLoaderCache(Lorg/gradle/internal/classloader/HashingClassLoaderFactory;Lorg/gradle/internal/classloader/ClasspathHasher;Lorg/gradle/internal/event/ListenerManager;)Lorg/gradle/api/internal/initialization/loadercache/ClassLoaderCache;+0
v  ~StubRoutines::call_stub
j  sun.reflect.NativeMethodAccessorImpl.invoke0(Ljava/lang/reflect/Method;Ljava/lang/Object;[Ljava/lang/Object;)Ljava/lang/Object;+0
j  sun.reflect.NativeMethodAccessorImpl.invoke(Ljava/lang/Object;[Ljava/lang/Object;)Ljava/lang/Object;+100
J 1151 C1 sun.reflect.DelegatingMethodAccessorImpl.invoke(Ljava/lang/Object;[Ljava/lang/Object;)Ljava/lang/Object; (10 bytes) @ 0x0000000002d79cc4 [0x0000000002d79bc0+0x104]
J 1150 C1 java.lang.reflect.Method.invoke(Ljava/lang/Object;[Ljava/lang/Object;)Ljava/lang/Object; (62 bytes) @ 0x0000000002d796ec [0x0000000002d79300+0x3ec]
j  org.gradle.internal.reflect.JavaMethod.invoke(Ljava/lang/Object;[Ljava/lang/Object;)Ljava/lang/Object;+6
j  org.gradle.internal.service.ReflectionBasedServiceMethod.invoke(Ljava/lang/Object;[Ljava/lang/Object;)Ljava/lang/Object;+6
j  org.gradle.internal.service.DefaultServiceRegistry$FactoryMethodService.invokeMethod([Ljava/lang/Object;)Ljava/lang/Object;+9
j  org.gradle.internal.service.DefaultServiceRegistry$FactoryService.create()Ljava/lang/Object;+7
j  org.gradle.internal.service.DefaultServiceRegistry$ManagedObjectServiceProvider.getInstance()Ljava/lang/Object;+24
j  org.gradle.internal.service.DefaultServiceRegistry$SingletonService.get()Ljava/lang/Object;+1
j  org.gradle.internal.service.DefaultServiceRegistry$FactoryService.assembleParameters()[Ljava/lang/Object;+44
j  org.gradle.internal.service.DefaultServiceRegistry$FactoryService.create()Ljava/lang/Object;+1
j  org.gradle.internal.service.DefaultServiceRegistry$ManagedObjectServiceProvider.getInstance()Ljava/lang/Object;+24
j  org.gradle.internal.service.DefaultServiceRegistry$SingletonService.get()Ljava/lang/Object;+1
j  org.gradle.internal.service.DefaultServiceRegistry$FactoryService.assembleParameters()[Ljava/lang/Object;+44
j  org.gradle.internal.service.DefaultServiceRegistry$FactoryService.create()Ljava/lang/Object;+1
j  org.gradle.internal.service.DefaultServiceRegistry$ManagedObjectServiceProvider.getInstance()Ljava/lang/Object;+24
j  org.gradle.internal.service.DefaultServiceRegistry$SingletonService.get()Ljava/lang/Object;+1
j  org.gradle.internal.service.DefaultServiceRegistry.find(Ljava/lang/reflect/Type;)Ljava/lang/Object;+22
j  org.gradle.internal.service.DefaultServiceRegistry.get(Ljava/lang/reflect/Type;)Ljava/lang/Object;+2
j  org.gradle.internal.service.DefaultServiceRegistry.get(Ljava/lang/Class;)Ljava/lang/Object;+3
j  org.gradle.internal.service.scopes.BuildScopeServices.defaultScriptPluginFactory()Lorg/gradle/configuration/DefaultScriptPluginFactory;+7
j  org.gradle.internal.service.scopes.BuildScopeServices.createScriptPluginFactory(Lorg/gradle/internal/instantiation/InstantiatorFactory;Lorg/gradle/internal/operations/BuildOperationExecutor;Lorg/gradle/configuration/internal/UserCodeApplicationContext;)Lorg/gradle/configuration/ScriptPluginFactory;+1
v  ~StubRoutines::call_stub
j  sun.reflect.NativeMethodAccessorImpl.invoke0(Ljava/lang/reflect/Method;Ljava/lang/Object;[Ljava/lang/Object;)Ljava/lang/Object;+0
j  sun.reflect.NativeMethodAccessorImpl.invoke(Ljava/lang/Object;[Ljava/lang/Object;)Ljava/lang/Object;+100
J 1151 C1 sun.reflect.DelegatingMethodAccessorImpl.invoke(Ljava/lang/Object;[Ljava/lang/Object;)Ljava/lang/Object; (10 bytes) @ 0x0000000002d79cc4 [0x0000000002d79bc0+0x104]
J 1150 C1 java.lang.reflect.Method.invoke(Ljava/lang/Object;[Ljava/lang/Object;)Ljava/lang/Object; (62 bytes) @ 0x0000000002d796ec [0x0000000002d79300+0x3ec]
j  org.gradle.internal.reflect.JavaMethod.invoke(Ljava/lang/Object;[Ljava/lang/Object;)Ljava/lang/Object;+6
j  org.gradle.internal.service.ReflectionBasedServiceMethod.invoke(Ljava/lang/Object;[Ljava/lang/Object;)Ljava/lang/Object;+6
j  org.gradle.internal.service.DefaultServiceRegistry$FactoryMethodService.invokeMethod([Ljava/lang/Object;)Ljava/lang/Object;+9
j  org.gradle.internal.service.DefaultServiceRegistry$FactoryService.create()Ljava/lang/Object;+7
j  org.gradle.internal.service.DefaultServiceRegistry$ManagedObjectServiceProvider.getInstance()Ljava/lang/Object;+24
j  org.gradle.internal.service.DefaultServiceRegistry$SingletonService.get()Ljava/lang/Object;+1
j  org.gradle.internal.service.DefaultServiceRegistry$FactoryService.assembleParameters()[Ljava/lang/Object;+44
j  org.gradle.internal.service.DefaultServiceRegistry$FactoryService.create()Ljava/lang/Object;+1
j  org.gradle.internal.service.DefaultServiceRegistry$ManagedObjectServiceProvider.getInstance()Ljava/lang/Object;+24
j  org.gradle.internal.service.DefaultServiceRegistry$SingletonService.get()Ljava/lang/Object;+1
j  org.gradle.internal.service.DefaultServiceRegistry$FactoryService.assembleParameters()[Ljava/lang/Object;+44
j  org.gradle.internal.service.DefaultServiceRegistry$FactoryService.create()Ljava/lang/Object;+1
j  org.gradle.internal.service.DefaultServiceRegistry$ManagedObjectServiceProvider.getInstance()Ljava/lang/Object;+24
j  org.gradle.internal.service.DefaultServiceRegistry$SingletonService.get()Ljava/lang/Object;+1
j  org.gradle.internal.service.DefaultServiceRegistry.find(Ljava/lang/reflect/Type;)Ljava/lang/Object;+22
j  org.gradle.internal.service.DefaultServiceRegistry.get(Ljava/lang/reflect/Type;)Ljava/lang/Object;+2
j  org.gradle.internal.service.DefaultServiceRegistry.get(Ljava/lang/Class;)Ljava/lang/Object;+3
j  org.gradle.initialization.DefaultGradleLauncherFactory.doNewInstance(Lorg/gradle/api/internal/BuildDefinition;Lorg/gradle/internal/build/BuildState;Lorg/gradle/initialization/GradleLauncher;Lorg/gradle/internal/service/scopes/BuildTreeScopeServices;Ljava/util/List;)Lorg/gradle/initialization/DefaultGradleLauncher;+227
j  org.gradle.initialization.DefaultGradleLauncherFactory.newInstance(Lorg/gradle/api/internal/BuildDefinition;Lorg/gradle/internal/build/RootBuildState;Lorg/gradle/internal/service/scopes/BuildTreeScopeServices;)Lorg/gradle/initialization/GradleLauncher;+33
j  org.gradle.composite.internal.DefaultRootBuildState.<init>(Lorg/gradle/api/internal/BuildDefinition;Lorg/gradle/initialization/GradleLauncherFactory;Lorg/gradle/internal/event/ListenerManager;Lorg/gradle/internal/service/scopes/BuildTreeScopeServices;)V+15
j  org.gradle.composite.internal.DefaultIncludedBuildRegistry.createRootBuild(Lorg/gradle/api/internal/BuildDefinition;)Lorg/gradle/internal/build/RootBuildState;+35
j  org.gradle.launcher.exec.InProcessBuildActionExecuter.execute(Lorg/gradle/internal/invocation/BuildAction;Lorg/gradle/initialization/BuildRequestContext;Lorg/gradle/launcher/exec/BuildActionParameters;Lorg/gradle/internal/service/ServiceRegistry;)Lorg/gradle/launcher/exec/BuildActionResult;+61
j  org.gradle.launcher.exec.InProcessBuildActionExecuter.execute(Lorg/gradle/internal/invocation/BuildAction;Lorg/gradle/initialization/BuildRequestContext;Ljava/lang/Object;Lorg/gradle/internal/service/ServiceRegistry;)Lorg/gradle/launcher/exec/BuildActionResult;+9
j  org.gradle.launcher.exec.BuildTreeScopeBuildActionExecuter.execute(Lorg/gradle/internal/invocation/BuildAction;Lorg/gradle/initialization/BuildRequestContext;Lorg/gradle/launcher/exec/BuildActionParameters;Lorg/gradle/internal/service/ServiceRegistry;)Lorg/gradle/launcher/exec/BuildActionResult;+38
j  org.gradle.launcher.exec.BuildTreeScopeBuildActionExecuter.execute(Lorg/gradle/internal/invocation/BuildAction;Lorg/gradle/initialization/BuildRequestContext;Ljava/lang/Object;Lorg/gradle/internal/service/ServiceRegistry;)Lorg/gradle/launcher/exec/BuildActionResult;+9
j  org.gradle.tooling.internal.provider.ContinuousBuildActionExecuter.execute(Lorg/gradle/internal/invocation/BuildAction;Lorg/gradle/initialization/BuildRequestContext;Lorg/gradle/launcher/exec/BuildActionParameters;Lorg/gradle/internal/service/ServiceRegistry;)Lorg/gradle/launcher/exec/BuildActionResult;+58
j  org.gradle.tooling.internal.provider.ContinuousBuildActionExecuter.execute(Lorg/gradle/internal/invocation/BuildAction;Lorg/gradle/initialization/BuildRequestContext;Ljava/lang/Object;Lorg/gradle/internal/service/ServiceRegistry;)Lorg/gradle/launcher/exec/BuildActionResult;+9
j  org.gradle.tooling.internal.provider.SubscribableBuildActionExecuter.execute(Lorg/gradle/internal/invocation/BuildAction;Lorg/gradle/initialization/BuildRequestContext;Lorg/gradle/launcher/exec/BuildActionParameters;Lorg/gradle/internal/service/ServiceRegistry;)Lorg/gradle/launcher/exec/BuildActionResult;+45
j  org.gradle.tooling.internal.provider.SubscribableBuildActionExecuter.execute(Lorg/gradle/internal/invocation/BuildAction;Lorg/gradle/initialization/BuildRequestContext;Ljava/lang/Object;Lorg/gradle/internal/service/ServiceRegistry;)Lorg/gradle/launcher/exec/BuildActionResult;+9
j  org.gradle.tooling.internal.provider.SessionScopeBuildActionExecuter.execute(Lorg/gradle/internal/invocation/BuildAction;Lorg/gradle/initialization/BuildRequestContext;Lorg/gradle/launcher/exec/BuildActionParameters;Lorg/gradle/internal/service/ServiceRegistry;)Lorg/gradle/launcher/exec/BuildActionResult;+117
j  org.gradle.tooling.internal.provider.SessionScopeBuildActionExecuter.execute(Lorg/gradle/internal/invocation/BuildAction;Lorg/gradle/initialization/BuildRequestContext;Ljava/lang/Object;Lorg/gradle/internal/service/ServiceRegistry;)Lorg/gradle/launcher/exec/BuildActionResult;+9
j  org.gradle.tooling.internal.provider.GradleThreadBuildActionExecuter.execute(Lorg/gradle/internal/invocation/BuildAction;Lorg/gradle/initialization/BuildRequestContext;Lorg/gradle/launcher/exec/BuildActionParameters;Lorg/gradle/internal/service/ServiceRegistry;)Lorg/gradle/launcher/exec/BuildActionResult;+12
j  org.gradle.tooling.internal.provider.GradleThreadBuildActionExecuter.execute(Lorg/gradle/internal/invocation/BuildAction;Lorg/gradle/initialization/BuildRequestContext;Ljava/lang/Object;Lorg/gradle/internal/service/ServiceRegistry;)Lorg/gradle/launcher/exec/BuildActionResult;+9
j  org.gradle.tooling.internal.provider.ParallelismConfigurationBuildActionExecuter.execute(Lorg/gradle/internal/invocation/BuildAction;Lorg/gradle/initialization/BuildRequestContext;Lorg/gradle/launcher/exec/BuildActionParameters;Lorg/gradle/internal/service/ServiceRegistry;)Lorg/gradle/launcher/exec/BuildActionResult;+43
j  org.gradle.tooling.internal.provider.ParallelismConfigurationBuildActionExecuter.execute(Lorg/gradle/internal/invocation/BuildAction;Lorg/gradle/initialization/BuildRequestContext;Ljava/lang/Object;Lorg/gradle/internal/service/ServiceRegistry;)Lorg/gradle/launcher/exec/BuildActionResult;+9
j  org.gradle.tooling.internal.provider.StartParamsValidatingActionExecuter.execute(Lorg/gradle/internal/invocation/BuildAction;Lorg/gradle/initialization/BuildRequestContext;Lorg/gradle/launcher/exec/BuildActionParameters;Lorg/gradle/internal/service/ServiceRegistry;)Lorg/gradle/launcher/exec/BuildActionResult;+177
j  org.gradle.tooling.internal.provider.StartParamsValidatingActionExecuter.execute(Lorg/gradle/internal/invocation/BuildAction;Lorg/gradle/initialization/BuildRequestContext;Ljava/lang/Object;Lorg/gradle/internal/service/ServiceRegistry;)Lorg/gradle/launcher/exec/BuildActionResult;+9
j  org.gradle.tooling.internal.provider.SessionFailureReportingActionExecuter.execute(Lorg/gradle/internal/invocation/BuildAction;Lorg/gradle/initialization/BuildRequestContext;Lorg/gradle/launcher/exec/BuildActionParameters;Lorg/gradle/internal/service/ServiceRegistry;)Lorg/gradle/launcher/exec/BuildActionResult;+9
j  org.gradle.tooling.internal.provider.SessionFailureReportingActionExecuter.execute(Lorg/gradle/internal/invocation/BuildAction;Lorg/gradle/initialization/BuildRequestContext;Ljava/lang/Object;Lorg/gradle/internal/service/ServiceRegistry;)Lorg/gradle/launcher/exec/BuildActionResult;+9
j  org.gradle.tooling.internal.provider.SetupLoggingActionExecuter.execute(Lorg/gradle/internal/invocation/BuildAction;Lorg/gradle/initialization/BuildRequestContext;Lorg/gradle/launcher/exec/BuildActionParameters;Lorg/gradle/internal/service/ServiceRegistry;)Lorg/gradle/launcher/exec/BuildActionResult;+52
j  org.gradle.tooling.internal.provider.SetupLoggingActionExecuter.execute(Lorg/gradle/internal/invocation/BuildAction;Lorg/gradle/initialization/BuildRequestContext;Ljava/lang/Object;Lorg/gradle/internal/service/ServiceRegistry;)Lorg/gradle/launcher/exec/BuildActionResult;+9
j  org.gradle.launcher.daemon.server.exec.ExecuteBuild.doBuild(Lorg/gradle/launcher/daemon/server/api/DaemonCommandExecution;Lorg/gradle/launcher/daemon/protocol/Build;)V+118
j  org.gradle.launcher.daemon.server.exec.BuildCommandOnly.execute(Lorg/gradle/launcher/daemon/server/api/DaemonCommandExecution;)V+49
j  org.gradle.launcher.daemon.server.api.DaemonCommandExecution.proceed()Z+28
j  org.gradle.launcher.daemon.server.exec.WatchForDisconnection.execute(Lorg/gradle/launcher/daemon/server/api/DaemonCommandExecution;)V+19
j  org.gradle.launcher.daemon.server.api.DaemonCommandExecution.proceed()Z+28
j  org.gradle.launcher.daemon.server.exec.ResetDeprecationLogger.execute(Lorg/gradle/launcher/daemon/server/api/DaemonCommandExecution;)V+4
j  org.gradle.launcher.daemon.server.api.DaemonCommandExecution.proceed()Z+28
j  org.gradle.launcher.daemon.server.exec.RequestStopIfSingleUsedDaemon.execute(Lorg/gradle/launcher/daemon/server/api/DaemonCommandExecution;)V+33
j  org.gradle.launcher.daemon.server.api.DaemonCommandExecution.proceed()Z+28
j  org.gradle.launcher.daemon.server.exec.ForwardClientInput$2.call()Ljava/lang/Void;+4
j  org.gradle.launcher.daemon.server.exec.ForwardClientInput$2.call()Ljava/lang/Object;+1
j  org.gradle.util.Swapper.swap(Ljava/lang/Object;Ljava/util/concurrent/Callable;)Ljava/lang/Object;+21
j  org.gradle.launcher.daemon.server.exec.ForwardClientInput.execute(Lorg/gradle/launcher/daemon/server/api/DaemonCommandExecution;)V+63
j  org.gradle.launcher.daemon.server.api.DaemonCommandExecution.proceed()Z+28
j  org.gradle.launcher.daemon.server.exec.LogAndCheckHealth.execute(Lorg/gradle/launcher/daemon/server/api/DaemonCommandExecution;)V+28
j  org.gradle.launcher.daemon.server.api.DaemonCommandExecution.proceed()Z+28
j  org.gradle.launcher.daemon.server.exec.LogToClient.doBuild(Lorg/gradle/launcher/daemon/server/api/DaemonCommandExecution;Lorg/gradle/launcher/daemon/protocol/Build;)V+87
j  org.gradle.launcher.daemon.server.exec.BuildCommandOnly.execute(Lorg/gradle/launcher/daemon/server/api/DaemonCommandExecution;)V+49
j  org.gradle.launcher.daemon.server.api.DaemonCommandExecution.proceed()Z+28
j  org.gradle.launcher.daemon.server.exec.EstablishBuildEnvironment.doBuild(Lorg/gradle/launcher/daemon/server/api/DaemonCommandExecution;Lorg/gradle/launcher/daemon/protocol/Build;)V+351
j  org.gradle.launcher.daemon.server.exec.BuildCommandOnly.execute(Lorg/gradle/launcher/daemon/server/api/DaemonCommandExecution;)V+49
j  org.gradle.launcher.daemon.server.api.DaemonCommandExecution.proceed()Z+28
j  org.gradle.launcher.daemon.server.exec.StartBuildOrRespondWithBusy$1.run()V+44
j  org.gradle.launcher.daemon.server.DaemonStateCoordinator$1.run()V+4
j  org.gradle.internal.concurrent.ExecutorPolicy$CatchAndRecordFailures.onExecute(Ljava/lang/Runnable;)V+1
j  org.gradle.internal.concurrent.ManagedExecutorImpl$1.run()V+25
j  java.util.concurrent.ThreadPoolExecutor.runWorker(Ljava/util/concurrent/ThreadPoolExecutor$Worker;)V+95
j  java.util.concurrent.ThreadPoolExecutor$Worker.run()V+5
j  org.gradle.internal.concurrent.ThreadFactoryImpl$ManagedThreadRunnable.run()V+7
j  java.lang.Thread.run()V+11
v  ~StubRoutines::call_stub

---------------  P R O C E S S  ---------------

Java Threads: ( => current thread )
  0x000000001b21e800 JavaThread "Cache worker for journal cache (C:\Users\cch23\.gradle\caches\journal-1)" [_thread_blocked, id=1864, stack(0x000000001d5f0000,0x000000001d6f0000)]
  0x000000001b21d800 JavaThread "File lock request listener" [_thread_in_native, id=16296, stack(0x000000001d4f0000,0x000000001d5f0000)]
  0x000000001b219000 JavaThread "Cache worker for file hash cache (C:\Users\cch23\.gradle\caches\5.4.1\fileHashes)" [_thread_blocked, id=6988, stack(0x000000001d3f0000,0x000000001d4f0000)]
  0x000000001af41000 JavaThread "Thread-9" [_thread_blocked, id=11356, stack(0x000000001c120000,0x000000001c220000)]
  0x000000001b12f800 JavaThread "Stdin handler" [_thread_blocked, id=7064, stack(0x000000001c020000,0x000000001c120000)]
  0x000000001af36800 JavaThread "Asynchronous log dispatcher for DefaultDaemonConnection: socket connection from /127.0.0.1:50133 to /127.0.0.1:50134" [_thread_blocked, id=6316, stack(0x000000001bf20000,0x000000001c020000)]
=>0x000000001b0d6800 JavaThread "Daemon worker" [_thread_in_vm, id=15000, stack(0x000000001be20000,0x000000001bf20000)]
  0x000000001b0d4000 JavaThread "Cancel handler" [_thread_blocked, id=12644, stack(0x000000001bc20000,0x000000001bd20000)]
  0x000000001aeb6800 JavaThread "Handler for socket connection from /127.0.0.1:50133 to /127.0.0.1:50134" [_thread_in_native, id=3296, stack(0x000000001b920000,0x000000001ba20000)]
  0x000000001aeb5800 JavaThread "Daemon" [_thread_blocked, id=10336, stack(0x000000001b820000,0x000000001b920000)]
  0x000000001b211000 JavaThread "Daemon periodic checks" [_thread_blocked, id=14224, stack(0x000000001b720000,0x000000001b820000)]
  0x000000001b215800 JavaThread "Incoming local TCP Connector on port 50133" [_thread_in_native, id=15924, stack(0x000000001b620000,0x000000001b720000)]
  0x000000001abe6000 JavaThread "Daemon health stats" [_thread_blocked, id=15340, stack(0x000000001b320000,0x000000001b420000)]
  0x00000000180ec800 JavaThread "Service Thread" daemon [_thread_blocked, id=10436, stack(0x0000000019950000,0x0000000019a50000)]
  0x0000000018072000 JavaThread "C1 CompilerThread3" daemon [_thread_blocked, id=2116, stack(0x0000000019850000,0x0000000019950000)]
  0x000000001806f800 JavaThread "C2 CompilerThread2" daemon [_thread_blocked, id=10448, stack(0x0000000019750000,0x0000000019850000)]
  0x0000000018069800 JavaThread "C2 CompilerThread1" daemon [_thread_in_native, id=10076, stack(0x0000000019650000,0x0000000019750000)]
  0x000000001800e800 JavaThread "C2 CompilerThread0" daemon [_thread_in_native, id=13472, stack(0x0000000019550000,0x0000000019650000)]
  0x000000001800d000 JavaThread "Attach Listener" daemon [_thread_blocked, id=10308, stack(0x0000000019450000,0x0000000019550000)]
  0x0000000018061800 JavaThread "Signal Dispatcher" daemon [_thread_blocked, id=13444, stack(0x0000000019350000,0x0000000019450000)]
  0x0000000016911800 JavaThread "Finalizer" daemon [_thread_blocked, id=5384, stack(0x0000000019250000,0x0000000019350000)]
  0x0000000017ff3000 JavaThread "Reference Handler" daemon [_thread_blocked, id=12216, stack(0x0000000019150000,0x0000000019250000)]
  0x0000000002852800 JavaThread "main" [_thread_blocked, id=5576, stack(0x0000000002660000,0x0000000002760000)]

Other Threads:
  0x0000000016905800 VMThread [stack: 0x0000000019050000,0x0000000019150000] [id=9308]
  0x00000000180ee000 WatcherThread [stack: 0x0000000019a50000,0x0000000019b50000] [id=3244]

VM state:synchronizing (normal execution)

VM Mutex/Monitor currently owned by a thread:  ([mutex/lock_event])
[0x000000000284d960] Threads_lock - owner thread: 0x0000000016905800
[0x000000000284cc60] Heap_lock - owner thread: 0x000000001af41000

heap address: 0x00000000a0000000, size: 1536 MB, Compressed Oops mode: 32-bit
Narrow klass base: 0x0000000000000000, Narrow klass shift: 3
Compressed class space size: 1073741824 Address: 0x0000000100000000

Heap:
 PSYoungGen      total 75776K, used 71529K [0x00000000e0000000, 0x00000000e5480000, 0x0000000100000000)
  eden space 65024K, 100% used [0x00000000e0000000,0x00000000e3f80000,0x00000000e3f80000)
  from space 10752K, 60% used [0x00000000e3f80000,0x00000000e45da638,0x00000000e4a00000)
  to   space 10752K, 0% used [0x00000000e4a00000,0x00000000e4a00000,0x00000000e5480000)
 ParOldGen       total 173568K, used 16K [0x00000000a0000000, 0x00000000aa980000, 0x00000000e0000000)
  object space 173568K, 0% used [0x00000000a0000000,0x00000000a0004000,0x00000000aa980000)
 Metaspace       used 15175K, capacity 15646K, committed 15872K, reserved 1064960K
  class space    used 2145K, capacity 2301K, committed 2304K, reserved 1048576K

Card table byte_map: [0x0000000011d10000,0x0000000012020000] byte_map_base: 0x0000000011810000

Marking Bits: (ParMarkBitMap*) 0x0000000077a0f030
 Begin Bits: [0x0000000012c20000, 0x0000000014420000)
 End Bits:   [0x0000000014420000, 0x0000000015c20000)

Polling page: 0x0000000000700000

CodeCache: size=245760Kb used=5201Kb max_used=5210Kb free=240558Kb
 bounds [0x0000000002950000, 0x0000000002e70000, 0x0000000011950000]
 total_blobs=1858 nmethods=1467 adapters=304
 compilation: enabled

Compilation events (10 events):
Event: 2.860 Thread 0x000000001806f800 1463       4       java.lang.String::indexOf (7 bytes)
Event: 2.866 Thread 0x000000001806f800 nmethod 1463 0x0000000002e67ed0 code [0x0000000002e68020, 0x0000000002e68498]
Event: 2.869 Thread 0x0000000018072000 1464       3       com.google.common.collect.Hashing::smear (19 bytes)
Event: 2.869 Thread 0x0000000018072000 nmethod 1464 0x0000000002e67b10 code [0x0000000002e67c60, 0x0000000002e67e30]
Event: 2.869 Thread 0x0000000018072000 1465       3       java.lang.Integer::rotateLeft (9 bytes)
Event: 2.870 Thread 0x0000000018072000 nmethod 1465 0x0000000002e67810 code [0x0000000002e67960, 0x0000000002e67ab0]
Event: 2.870 Thread 0x0000000018069800 1466       4       java.net.URLClassLoader$1::run (5 bytes)
Event: 2.870 Thread 0x000000001800e800 1467   !   4       java.net.URLClassLoader$1::run (63 bytes)
Event: 2.875 Thread 0x0000000018072000 1469       3       java.nio.HeapByteBuffer::ix (7 bytes)
Event: 2.875 Thread 0x0000000018072000 nmethod 1469 0x0000000002e67150 code [0x0000000002e672a0, 0x0000000002e673f0]

GC Heap History (2 events):
Event: 1.556 GC heap before
{Heap before GC invocations=1 (full 0):
 PSYoungGen      total 75776K, used 65024K [0x00000000e0000000, 0x00000000e5480000, 0x0000000100000000)
  eden space 65024K, 100% used [0x00000000e0000000,0x00000000e3f80000,0x00000000e3f80000)
  from space 10752K, 0% used [0x00000000e4a00000,0x00000000e4a00000,0x00000000e5480000)
  to   space 10752K, 0% used [0x00000000e3f80000,0x00000000e3f80000,0x00000000e4a00000)
 ParOldGen       total 173568K, used 0K [0x00000000a0000000, 0x00000000aa980000, 0x00000000e0000000)
  object space 173568K, 0% used [0x00000000a0000000,0x00000000a0000000,0x00000000aa980000)
 Metaspace       used 7932K, capacity 8246K, committed 8320K, reserved 1056768K
  class space    used 1015K, capacity 1113K, committed 1152K, reserved 1048576K
Event: 1.564 GC heap after
Heap after GC invocations=1 (full 0):
 PSYoungGen      total 75776K, used 6505K [0x00000000e0000000, 0x00000000e5480000, 0x0000000100000000)
  eden space 65024K, 0% used [0x00000000e0000000,0x00000000e0000000,0x00000000e3f80000)
  from space 10752K, 60% used [0x00000000e3f80000,0x00000000e45da638,0x00000000e4a00000)
  to   space 10752K, 0% used [0x00000000e4a00000,0x00000000e4a00000,0x00000000e5480000)
 ParOldGen       total 173568K, used 16K [0x00000000a0000000, 0x00000000aa980000, 0x00000000e0000000)
  object space 173568K, 0% used [0x00000000a0000000,0x00000000a0004000,0x00000000aa980000)
 Metaspace       used 7932K, capacity 8246K, committed 8320K, reserved 1056768K
  class space    used 1015K, capacity 1113K, committed 1152K, reserved 1048576K
}

Deoptimization events (10 events):
Event: 2.492 Thread 0x000000001aeb6800 Uncommon trap: reason=unstable_if action=reinterpret pc=0x0000000002d1c430 method=java.util.concurrent.ConcurrentHashMap.putVal(Ljava/lang/Object;Ljava/lang/Object;Z)Ljava/lang/Object; @ 206
Event: 2.544 Thread 0x000000001b0d6800 Uncommon trap: reason=bimorphic action=maybe_recompile pc=0x0000000002c00d90 method=java.util.HashMap.putVal(ILjava/lang/Object;Ljava/lang/Object;ZZ)Ljava/lang/Object; @ 253
Event: 2.544 Thread 0x000000001b0d6800 Uncommon trap: reason=bimorphic action=maybe_recompile pc=0x0000000002c00d90 method=java.util.HashMap.putVal(ILjava/lang/Object;Ljava/lang/Object;ZZ)Ljava/lang/Object; @ 253
Event: 2.544 Thread 0x000000001b0d6800 Uncommon trap: reason=bimorphic action=maybe_recompile pc=0x0000000002c00d90 method=java.util.HashMap.putVal(ILjava/lang/Object;Ljava/lang/Object;ZZ)Ljava/lang/Object; @ 253
Event: 2.544 Thread 0x000000001b0d6800 Uncommon trap: reason=bimorphic action=maybe_recompile pc=0x0000000002c00d90 method=java.util.HashMap.putVal(ILjava/lang/Object;Ljava/lang/Object;ZZ)Ljava/lang/Object; @ 253
Event: 2.545 Thread 0x000000001b0d6800 Uncommon trap: reason=bimorphic action=maybe_recompile pc=0x0000000002bfc26c method=java.util.HashMap.putVal(ILjava/lang/Object;Ljava/lang/Object;ZZ)Ljava/lang/Object; @ 253
Event: 2.693 Thread 0x000000001b0d6800 Uncommon trap: reason=class_check action=maybe_recompile pc=0x0000000002c25d58 method=java.util.regex.Matcher.match(II)Z @ 86
Event: 2.705 Thread 0x000000001b0d6800 Uncommon trap: reason=class_check action=maybe_recompile pc=0x0000000002c25d58 method=java.util.regex.Matcher.match(II)Z @ 86
Event: 2.706 Thread 0x000000001b0d6800 Uncommon trap: reason=class_check action=maybe_recompile pc=0x0000000002c25d58 method=java.util.regex.Matcher.match(II)Z @ 86
Event: 2.706 Thread 0x000000001b0d6800 Uncommon trap: reason=class_check action=maybe_recompile pc=0x0000000002bd715c method=java.util.regex.Matcher.match(II)Z @ 86

Classes redefined (0 events):
No events

Internal exceptions (10 events):
Event: 2.498 Thread 0x000000001aeb6800 Exception <a 'java/lang/NoSuchMethodError': <clinit>> (0x00000000e11fa658) thrown at [C:\src\AOSP-openjdk-git\hotspot\src\share\vm\prims\jni.cpp, line 1615]
Event: 2.501 Thread 0x000000001aeb6800 Exception <a 'java/lang/NoSuchMethodError': <clinit>> (0x00000000e12211f8) thrown at [C:\src\AOSP-openjdk-git\hotspot\src\share\vm\prims\jni.cpp, line 1615]
Event: 2.504 Thread 0x000000001aeb6800 Exception <a 'java/lang/NoSuchMethodError': <clinit>> (0x00000000e1238c70) thrown at [C:\src\AOSP-openjdk-git\hotspot\src\share\vm\prims\jni.cpp, line 1615]
Event: 2.505 Thread 0x000000001aeb6800 Exception <a 'java/lang/NoSuchMethodError': <clinit>> (0x00000000e1241810) thrown at [C:\src\AOSP-openjdk-git\hotspot\src\share\vm\prims\jni.cpp, line 1615]
Event: 2.507 Thread 0x000000001aeb6800 Exception <a 'java/lang/NoSuchMethodError': <clinit>> (0x00000000e1257a60) thrown at [C:\src\AOSP-openjdk-git\hotspot\src\share\vm\prims\jni.cpp, line 1615]
Event: 2.515 Thread 0x000000001aeb6800 Exception <a 'java/lang/NoSuchMethodError': <clinit>> (0x00000000e12b0f38) thrown at [C:\src\AOSP-openjdk-git\hotspot\src\share\vm\prims\jni.cpp, line 1615]
Event: 2.518 Thread 0x000000001aeb6800 Exception <a 'java/lang/NoSuchMethodError': <clinit>> (0x00000000e12dce70) thrown at [C:\src\AOSP-openjdk-git\hotspot\src\share\vm\prims\jni.cpp, line 1615]
Event: 2.522 Thread 0x000000001aeb6800 Exception <a 'java/lang/NoSuchMethodError': <clinit>> (0x00000000e1309878) thrown at [C:\src\AOSP-openjdk-git\hotspot\src\share\vm\prims\jni.cpp, line 1615]
Event: 2.523 Thread 0x000000001aeb6800 Exception <a 'java/lang/NoSuchMethodError': <clinit>> (0x00000000e1314900) thrown at [C:\src\AOSP-openjdk-git\hotspot\src\share\vm\prims\jni.cpp, line 1615]
Event: 2.838 Thread 0x000000001b0d6800 Exception <a 'java/io/IOException'> (0x00000000e3ba7f60) thrown at [C:\src\AOSP-openjdk-git\hotspot\src\share\vm\prims\jni.cpp, line 710]

Events (10 events):
Event: 2.879 loading class org/gradle/api/internal/initialization/loadercache/DefaultClasspathHasher
Event: 2.879 loading class org/gradle/api/internal/initialization/loadercache/DefaultClasspathHasher done
Event: 2.880 loading class org/gradle/internal/classloader/DefaultHashingClassLoaderFactory
Event: 2.880 loading class org/gradle/internal/classloader/DefaultHashingClassLoaderFactory done
Event: 2.880 loading class org/gradle/internal/classloader/DefaultClassLoaderFactory
Event: 2.880 loading class org/gradle/internal/classloader/DefaultClassLoaderFactory done
Event: 2.881 loading class java/util/Collections$SynchronizedMap
Event: 2.881 loading class java/util/Collections$SynchronizedMap done
Event: 2.881 loading class org/gradle/api/internal/initialization/loadercache/DefaultClassLoaderCache
Event: 2.881 loading class org/gradle/api/internal/initialization/loadercache/DefaultClassLoaderCache done


Dynamic libraries:
0x00007ff6aeb50000 - 0x00007ff6aeb81000 	C:\Program Files\Android\Android Studio\jre\bin\java.exe
0x00007ffc2c6e0000 - 0x00007ffc2c8d0000 	C:\Windows\SYSTEM32\ntdll.dll
0x00007ffbfc4f0000 - 0x00007ffbfc502000 	C:\Program Files\Avast Software\Avast\aswhook.dll
0x00007ffc2a960000 - 0x00007ffc2aa12000 	C:\Windows\System32\KERNEL32.DLL
0x00007ffc29760000 - 0x00007ffc29a04000 	C:\Windows\System32\KERNELBASE.dll
0x00007ffc2bf90000 - 0x00007ffc2c033000 	C:\Windows\System32\ADVAPI32.dll
0x00007ffc2b120000 - 0x00007ffc2b1be000 	C:\Windows\System32\msvcrt.dll
0x00007ffc2c040000 - 0x00007ffc2c0d7000 	C:\Windows\System32\sechost.dll
0x00007ffc2b4d0000 - 0x00007ffc2b5f0000 	C:\Windows\System32\RPCRT4.dll
0x00007ffc2a7c0000 - 0x00007ffc2a955000 	C:\Windows\System32\USER32.dll
0x00007ffc29710000 - 0x00007ffc29731000 	C:\Windows\System32\win32u.dll
0x00007ffc2a790000 - 0x00007ffc2a7b6000 	C:\Windows\System32\GDI32.dll
0x00007ffc2a5f0000 - 0x00007ffc2a786000 	C:\Windows\System32\gdi32full.dll
0x00007ffc2a4d0000 - 0x00007ffc2a56e000 	C:\Windows\System32\msvcp_win.dll
0x00007ffc2a3d0000 - 0x00007ffc2a4ca000 	C:\Windows\System32\ucrtbase.dll
0x00007ffc17a20000 - 0x00007ffc17ca4000 	C:\Windows\WinSxS\amd64_microsoft.windows.common-controls_6595b64144ccf1df_6.0.18362.1016_none_9e7a36bbe461dae4\COMCTL32.dll
0x00007ffc2b5f0000 - 0x00007ffc2b925000 	C:\Windows\System32\combase.dll
0x00007ffc2a570000 - 0x00007ffc2a5f0000 	C:\Windows\System32\bcryptPrimitives.dll
0x00007ffc2c0e0000 - 0x00007ffc2c10e000 	C:\Windows\System32\IMM32.DLL
0x0000000050460000 - 0x0000000050532000 	C:\Program Files\Android\Android Studio\jre\jre\bin\msvcr100.dll
0x0000000077240000 - 0x0000000077a8b000 	C:\Program Files\Android\Android Studio\jre\jre\bin\server\jvm.dll
0x00007ffc2b110000 - 0x00007ffc2b118000 	C:\Windows\System32\PSAPI.DLL
0x00007ffc18e70000 - 0x00007ffc18e79000 	C:\Windows\SYSTEM32\WSOCK32.dll
0x00007ffc2ba50000 - 0x00007ffc2babf000 	C:\Windows\System32\WS2_32.dll
0x00007ffc26df0000 - 0x00007ffc26e14000 	C:\Windows\SYSTEM32\WINMM.dll
0x00007ffc280a0000 - 0x00007ffc280aa000 	C:\Windows\SYSTEM32\VERSION.dll
0x00007ffc26dc0000 - 0x00007ffc26ded000 	C:\Windows\SYSTEM32\WINMMBASE.dll
0x00007ffc29b60000 - 0x00007ffc29baa000 	C:\Windows\System32\cfgmgr32.dll
0x00007ffc25970000 - 0x00007ffc2597f000 	C:\Program Files\Android\Android Studio\jre\jre\bin\verify.dll
0x00007ffc1b130000 - 0x00007ffc1b159000 	C:\Program Files\Android\Android Studio\jre\jre\bin\java.dll
0x00007ffc1ad60000 - 0x00007ffc1ad76000 	C:\Program Files\Android\Android Studio\jre\jre\bin\zip.dll
0x00007ffc2aa20000 - 0x00007ffc2b107000 	C:\Windows\System32\SHELL32.dll
0x00007ffc2b930000 - 0x00007ffc2b9d9000 	C:\Windows\System32\shcore.dll
0x00007ffc29c10000 - 0x00007ffc2a392000 	C:\Windows\System32\windows.storage.dll
0x00007ffc295e0000 - 0x00007ffc29603000 	C:\Windows\System32\profapi.dll
0x00007ffc29610000 - 0x00007ffc2965a000 	C:\Windows\System32\powrprof.dll
0x00007ffc29590000 - 0x00007ffc295a0000 	C:\Windows\System32\UMPDC.dll
0x00007ffc2c640000 - 0x00007ffc2c692000 	C:\Windows\System32\shlwapi.dll
0x00007ffc295c0000 - 0x00007ffc295d1000 	C:\Windows\System32\kernel.appcore.dll
0x00007ffc29740000 - 0x00007ffc29757000 	C:\Windows\System32\cryptsp.dll
0x00007ffc1ad40000 - 0x00007ffc1ad5a000 	C:\Program Files\Android\Android Studio\jre\jre\bin\net.dll
0x00007ffc28df0000 - 0x00007ffc28e57000 	C:\Windows\system32\mswsock.dll
0x00007ffc1acd0000 - 0x00007ffc1ace3000 	C:\Program Files\Android\Android Studio\jre\jre\bin\nio.dll
0x00007ffc27020000 - 0x00007ffc27046000 	C:\Users\cch23\.gradle\native\29\windows-amd64\native-platform.dll
0x00007ffc247e0000 - 0x00007ffc247ed000 	C:\Program Files\Android\Android Studio\jre\jre\bin\management.dll
0x00007ffc28960000 - 0x00007ffc28993000 	C:\Windows\system32\rsaenh.dll
0x00007ffc2a3a0000 - 0x00007ffc2a3c6000 	C:\Windows\System32\bcrypt.dll
0x00007ffc294b0000 - 0x00007ffc294d5000 	C:\Windows\SYSTEM32\USERENV.dll
0x00007ffc28fc0000 - 0x00007ffc28fcc000 	C:\Windows\SYSTEM32\CRYPTBASE.dll
0x00007ffc28af0000 - 0x00007ffc28b2a000 	C:\Windows\SYSTEM32\IPHLPAPI.DLL
0x00007ffc2c1f0000 - 0x00007ffc2c1f8000 	C:\Windows\System32\NSI.dll
0x00007ffc21a20000 - 0x00007ffc21a36000 	C:\Windows\SYSTEM32\dhcpcsvc6.DLL
0x00007ffc227c0000 - 0x00007ffc227dc000 	C:\Windows\SYSTEM32\dhcpcsvc.DLL
0x00007ffc28b30000 - 0x00007ffc28bfb000 	C:\Windows\SYSTEM32\DNSAPI.dll

VM Arguments:
jvm_args: -Xmx1536m -Dfile.encoding=x-windows-949 -Duser.country=KR -Duser.language=ko -Duser.variant 
java_command: org.gradle.launcher.daemon.bootstrap.GradleDaemon 5.4.1
java_class_path (initial): C:\Users\cch23\.gradle\wrapper\dists\gradle-5.4.1-all\3221gyojl5jsh0helicew7rwx\gradle-5.4.1\lib\gradle-launcher-5.4.1.jar
Launcher Type: SUN_STANDARD

Environment Variables:
JAVA_HOME=C:\Program Files\OpenJDK\jdk-11.0.7
PATH=C:\Program Files (x86)\Common Files\Oracle\Java\javapath;C:\Program Files\NVIDIA GPU Computing Toolkit\CUDA\v10.0\bin;C:\Program Files\NVIDIA GPU Computing Toolkit\CUDA\v10.0\libnvvp;C:\Windows\system32;C:\Windows;C:\Windows\System32\Wbem;C:\Windows\System32\WindowsPowerShell\v1.0\;C:\Windows\System32\OpenSSH\;C:\Program Files (x86)\NVIDIA Corporation\PhysX\Common;C:\Users\cch23\anaconda3\Scripts;C:\Users\cch23\anaconda3;C:\Users\cch23\anaconda3\Library\bin;C:\Users\cch23\anaconda3\Lib\Git\cmd;C:\Users\cch23\anaconda3\Lib\Git\bin;C:\Program Files\Git\cmd;C:\Program Files\OpenJDK\jdk-11.0.7\bin;C:\Users\cch23\AppData\Local\Microsoft\WindowsApps;C:\Program Files\JetBrains\PyCharm Community Edition 2020.1.2\bin;C:\Users\cch23\AppData\Local\GitHubDesktop\bin
USERNAME=cch23
OS=Windows_NT
PROCESSOR_IDENTIFIER=Intel64 Family 6 Model 158 Stepping 10, GenuineIntel



---------------  S Y S T E M  ---------------

OS: Windows 10.0 , 64 bit Build 18362 (10.0.18362.959)

CPU:total 12 (initial active 12) (6 cores per cpu, 2 threads per core) family 6 model 158 stepping 10, cmov, cx8, fxsr, mmx, sse, sse2, sse3, ssse3, sse4.1, sse4.2, popcnt, avx, avx2, aes, clmul, erms, 3dnowpref, lzcnt, ht, tsc, tscinvbit, bmi1, bmi2, adx

Memory: 4k page, physical 16622956k(646024k free), swap 66954604k(184k free)

vm_info: OpenJDK 64-Bit Server VM (25.242-b01) for windows-amd64 JRE (1.8.0_242-release-1644-b01), built by "builder" with MS VC++ 10.0 (VS2010)

time: Tue Aug 18 03:31:46 2020
timezone: 대한민국 표준시
elapsed time: 2 seconds (0d 0h 0m 2s)

